Perfect! The finalization is complete. Here's a summary:

## Finalization Complete ✓

### Commit Message Used:
```
feat(notifications): I1 Notification Preferences - complete user notification control
```

### Commit Details:
- **Commit Hash:** `f413f8067f35c8089a545113c9267f98fa6e2d33`
- **Task Completed:** I1: Notification Preferences
- **Roadmap Status:** Updated from `[IN PROGRESS]` to `[DONE]`

### Changes Committed:
- **Backend:**
  - Database schema with global notification preferences and per-event settings
  - Profile API endpoints for notification preference management
  - Comprehensive test coverage

- **Frontend:**
  - EventNotificationSettings component (new)
  - ProfilePage with global notification toggles
  - EventPage with per-event notification controls
  - API service extensions

### Push Status:
⚠️ **Push failed** - No remote repository configured (origin not found). This is expected for local development. The commit was successfully created locally and can be pushed manually when a remote is configured.

### Roadmap Status:
- **I1: Notification Preferences** → [DONE] ✓
- **Group I (Polish & Delight)** → Remains unmarked (3 more tasks: I2, I3, I4)

The task has been successfully finalized with all changes committed locally!
