## Finalization Complete

**Task Completed:** H2: Connection Details

**Commit Message:**
```
feat(connections): H2 Connection Details - view shared event history
```

**Commit Details:**
- **Commit SHA:** `0654e2eef8dccfd761e643e32153520c2286abd7`
- **Files Changed:** 9 files, 1939 insertions, 43 deletions
- **New Components:** ConnectionDetailPage with comprehensive test coverage
- **Backend Enhancement:** New GET /api/connections/:userId endpoint with filtering and sorting
- **Frontend Updates:** Enhanced ConnectionsPage with filter/sort UI

**Key Features Implemented:**
- View shared event history with any connection
- Filter connections by name, event, and date range
- Sort by recency, frequency, or alphabetical order
- Access to public profile information
- Full test coverage for both frontend and backend components

**Push Status:** ⚠️ Local commit successful, but push failed due to no remote repository configured. The changes are committed locally and ready for manual push when remote is configured.

**Roadmap Status:**
- H2: Connection Details - marked as [DONE]
- Group H: Not yet complete (H3 and H4 remain)
