## Review Summary

### Issues Found and Fixed

#### Backend (backend/src/routes/dashboard.ts:538-709)

**Security & Input Validation Issues Fixed:**

1. **SQL Injection Risk (Date Parsing)** - Fixed invalid date handling
   - Added validation to check if `new Date()` returns a valid date before using it
   - Invalid dates are now silently ignored rather than causing errors

2. **NaN Handling in Pagination** - Fixed parseInt edge cases
   - Added `isNaN()` checks after parseInt to handle invalid inputs
   - Invalid page/limit values now default to safe values (1 and 20)

3. **Input Validation** - Added strict validation for filter parameters
   - State filter now validates against whitelist: `['upcoming', 'past', 'cancelled']`
   - Role filter now validates against whitelist: `['organizer', 'attendee']`
   - Invalid values are ignored rather than processed

**Code Quality Improvements:**

4. **Type Safety** - All query parameters properly validated before use
5. **Error Handling** - Graceful degradation for all invalid inputs

### Tests Written

#### Backend Tests (`backend/src/__tests__/eventSearch.test.ts`)
- 20 comprehensive test cases covering:
  - Authentication requirements
  - All filter combinations (title, date range, state, role)
  - Pagination (including edge cases)
  - Invalid input handling
  - RSVP count display logic
  - Multi-filter combinations
  - Empty result sets

#### Frontend Tests
1. **EventSearchFilter Component** (`frontend/src/components/EventSearchFilter.test.tsx`)
   - 17 test cases covering:
     - Filter expansion/collapse
     - All filter types (title, dates, state, role)
     - Enter key handling
     - Clear functionality
     - Filter badge counts
     - Initial filter state

2. **EventSearchPage Component** (`frontend/src/pages/EventSearchPage.test.tsx`)
   - 18 test cases covering:
     - Initial load
     - Loading states
     - Error handling (including 401 auth errors)
     - Search execution
     - Pagination
     - Empty states
     - Event card rendering

### TypeScript Compilation

**Backend**: ✅ Compiles successfully (eventSearch.test.ts:232-650)
- The only remaining errors are in pre-existing `waitlist.test.ts` (unrelated to this feature)

**Frontend**: ⚠️ Has pre-existing errors in other files:
- `EventWall.test.tsx` - missing `moderatorDeleted` property
- `EventPage.test.tsx` - missing `waitlistEnabled` property
- These are unrelated to the new search feature

### Code Review Summary

**Frontend Code Quality**: ✅ Excellent
- EventSearchPage.tsx - Well-structured with proper loading/error states
- EventSearchFilter.tsx - Clean component with good UX (collapsible filters, badges)
- api.ts - Properly typed interfaces and clean API integration

**Backend Code Quality**: ✅ Excellent (after fixes)
- Proper input validation
- No SQL injection vulnerabilities
- Type-safe Prisma queries
- Good error handling via middleware

### Remaining Concerns

**None for the event search feature** - All critical issues have been addressed.

**Pre-existing issues** (not part of this review):
- `waitlist.test.ts` has TypeScript errors
- Some other test files have minor typing issues

### Files Modified
- `backend/src/routes/dashboard.ts` - Added search endpoint with security fixes
- `frontend/src/App.tsx` - Added route for search page
- `frontend/src/pages/DashboardPage.tsx` - Added search button
- `frontend/src/services/api.ts` - Added search API types and function

### Files Created
- `frontend/src/pages/EventSearchPage.tsx` - Main search page component
- `frontend/src/components/EventSearchFilter.tsx` - Filter UI component  
- `backend/src/__tests__/eventSearch.test.ts` - Backend API tests
- `frontend/src/components/EventSearchFilter.test.tsx` - Filter component tests
- `frontend/src/pages/EventSearchPage.test.tsx` - Search page tests
