All 194 backend tests pass and all 134 frontend tests pass.

## Review Summary

### Files Reviewed:
1. **Backend:**
   - `backend/prisma/schema.prisma` - New models for mass SMS communication
   - `backend/src/routes/messages.ts` - API routes for mass SMS
   - `backend/src/utils/massSms.ts` - Utility functions for mass SMS

2. **Frontend:**
   - `frontend/src/pages/EventPage.tsx` - Integration of mass SMS components
   - `frontend/src/services/api.ts` - API client functions and types
   - `frontend/src/components/MassSmsModal.tsx` - Modal for composing/sending mass SMS
   - `frontend/src/components/MassSmsHistoryPanel.tsx` - SMS history display

### Issues Found and Fixed:
- **No critical issues found in the new code.** The implementation follows existing patterns and best practices.
- The code has proper input validation, authorization checks, and error handling.

### Tests Written:

**Backend (`backend/src/__tests__/massSms.test.ts`)** - 37 tests covering:
- `maskPhone` function
- `checkMassSmsQuota` - quota creation, weekly limits, 24-hour spacing
- `getMassSmsQuotaInfo` - formatted quota info
- `getSmsRecipientsByAudience` - audience filtering, opt-out handling
- `getMassSmsHistory` - paginated history
- `getMassSmsDetails` - full message details
- `handleSmsOptOut` - opt-out record creation
- `checkSmsOptOut` and `getOptOutCount`
- Input validation (message length, target audience)
- Rate limiting (3 SMS/week, 24-hour spacing)
- Event state validation

**Frontend:**
- `MassSmsModal.test.tsx` - 17 tests covering:
  - Modal rendering/visibility
  - Quota loading and display
  - Audience options
  - Recipient preview
  - Character counting and limits
  - Preview state transition
  - Send functionality
  - Error handling
  
- `MassSmsHistoryPanel.test.tsx` - 13 tests covering:
  - Loading state
  - History display
  - Quota information
  - Empty state
  - Error state
  - Expandable message details
  - Refresh functionality

### Test Results:
- **Backend:** 194 tests pass (including 37 new mass SMS tests)
- **Frontend:** 134 tests pass (including 30 new mass SMS tests)

### TypeScript Status:
- New files compile without errors
- Pre-existing TypeScript errors in `waitlist.test.ts`, `EventWall.test.tsx`, `RSVPButtons.test.tsx`, and `EventPage.test.tsx` are unrelated to this feature

### Remaining Concerns:
- None related to the Mass SMS feature. The implementation is clean and follows existing patterns.
