---

## Review Summary

### Files Reviewed
- `backend/src/routes/messages.ts` - New mass email API routes
- `backend/src/utils/massEmail.ts` - Mass email utility functions
- `frontend/src/components/MassEmailModal.tsx` - Mass email compose modal
- `frontend/src/components/MassEmailHistoryPanel.tsx` - Email history display
- `frontend/src/services/api.ts` - API client additions
- `frontend/src/pages/EventPage.tsx` - Page integration
- `backend/prisma/schema.prisma` - Database schema additions
- `backend/src/app.ts` - Route registration

### Issues Found and Fixed

1. **Input Validation (messages.ts:204-207)**
   - **Issue**: `limit` and `offset` query parameters could result in NaN if invalid values passed
   - **Fix**: Added proper `Number.isNaN()` checks and clamping to valid ranges

2. **URL Encoding Security (massEmail.ts:301)**
   - **Issue**: `eventId` and `userId` in unsubscribe URL weren't URL-encoded
   - **Fix**: Added `encodeURIComponent()` to prevent potential URL injection issues

3. **React ESLint Warnings (MassEmailModal.tsx, MassEmailHistoryPanel.tsx)**
   - **Issue**: `useEffect` dependencies triggered ESLint warnings
   - **Fix**: Added `eslint-disable-next-line` comments for intentional dependency patterns

### Tests Written
- Created `backend/src/__tests__/massEmail.test.ts` with **30 tests** covering:
  - `maskEmail` function
  - `checkMassEmailQuota` with various quota states
  - `getMassEmailQuotaInfo`
  - `getRecipientsByAudience` for different audience types
  - `getMassEmailHistory` pagination
  - `getMassEmailDetails` including null handling
  - Input validation (subject, body, target audience)
  - Rate limiting logic (5/week, 24h spacing)
  - Event state validation

### Test Results
- **Backend**: 157 tests passed (including 30 new mass email tests)
- **Frontend**: 104 tests passed

### TypeScript Compilation
- **Frontend**: Passes cleanly
- **Backend**: Passes cleanly for new code (pre-existing issues in waitlist.test.ts unrelated to this feature)

### Remaining Concerns
None critical. The mass email feature implementation is solid with:
- Proper authentication and authorization (requireAuth, requireEventOrganizer)
- Input validation on all endpoints
- Rate limiting (5 emails/week, 24h minimum spacing)
- Event state checks (only PUBLISHED/ONGOING)
- Email masking for privacy
