## Review Summary

I have completed a comprehensive review of the H2: Connection Details feature implementation. Here's what I found and fixed:

### **Issues Found and Fixed**

#### 1. **Critical Privacy Logic Bug** (backend/src/routes/connections.ts:408-420)
   - **Issue**: Privacy visibility check was incomplete - only checked for `CONNECTIONS` visibility but didn't handle `PRIVATE` or `ORGANIZERS_ONLY` settings properly
   - **Fix**: Implemented proper privacy logic with a helper function that correctly handles all visibility levels
   - **Security Impact**: HIGH - Without this fix, private profile data could be exposed to connections

#### 2. **Missing Input Validation** (backend/src/routes/connections.ts:114-132, 375-393)
   - **Issue**: No validation on date parameters (`startDate`, `endDate`) - invalid dates could cause server errors
   - **Fix**: Added validation to check if dates are valid using `isNaN(date.getTime())` and return 400 Bad Request with clear error messages
   - **Security Impact**: MEDIUM - Prevents potential DoS via malformed input

#### 3. **Test Coverage Gap**
   - **Issue**: New filtering, sorting, and connection detail endpoint had no test coverage
   - **Fix**: Added 8 new backend tests covering:
     - Name filtering
     - Alphabetical and frequency sorting
     - Date parameter validation
     - Connection detail endpoint with various scenarios
     - Privacy settings enforcement
     - Organizer role detection
   - **Fix**: Created comprehensive frontend tests (26 tests) for ConnectionDetailPage covering all UI states

#### 4. **Test Regression**
   - **Issue**: ConnectionsPage test expected old `/users/:id` route but code was updated to use `/connections/:id`
   - **Fix**: Updated test to match new route structure

### **Tests Written**

#### Backend Tests (backend/src/__tests__/connections.test.ts)
- Added 8 new test cases for filtering, sorting, validation, and detail endpoint
- All 20 backend tests passing ✓

#### Frontend Tests
- **ConnectionDetailPage.test.tsx** (NEW): 26 comprehensive tests covering:
  - Loading states
  - Success states with all data variations
  - Error states (404, 401, generic)
  - Privacy settings handling
  - Event role badges
  - Date formatting
  - Empty states with filters
- **ConnectionsPage.test.tsx** (UPDATED): Fixed 1 test to match new routing
- All 49 frontend tests passing ✓

### **Code Quality Review**

✅ **Security**: No SQL injection, XSS, or other OWASP top 10 vulnerabilities detected  
✅ **TypeScript**: Frontend compiles cleanly, backend has pre-existing unrelated errors in waitlist.test.ts  
✅ **Error Handling**: Proper error messages and status codes throughout  
✅ **Type Safety**: All types properly defined and used  
✅ **Best Practices**: Clean code, proper separation of concerns, consistent with existing patterns

### **Remaining Concerns**

None critical, but worth noting:
- **Pre-existing TypeScript errors** in `backend/src/__tests__/waitlist.test.ts` (unrelated to this feature)
- The backend privacy logic could potentially be refactored into a shared helper function used across both connections and profile routes to reduce duplication

### **Files Modified**

- `backend/src/routes/connections.ts` - Fixed privacy logic and added input validation
- `backend/src/__tests__/connections.test.ts` - Added 8 new tests
- `frontend/src/pages/ConnectionDetailPage.test.tsx` - Created 26 new tests
- `frontend/src/pages/ConnectionsPage.test.tsx` - Fixed 1 test

All changes have been thoroughly tested and are ready for commit.
