Perfect! Now let me create a comprehensive summary of my review:

## Review Summary

I've completed a comprehensive review of the recent changes to the Gather app. Here's what I found and fixed:

### Files Reviewed

**Modified Files:**
- `backend/src/app.ts` - Added previousAttendees routes
- `backend/src/utils/massEmail.ts` - Added quota warning thresholds
- `backend/src/utils/massSms.ts` - Added quota warning thresholds  
- `frontend/src/components/MassEmailHistoryPanel.tsx` - Added "Opened" stat column
- `frontend/src/components/MassEmailModal.tsx` - Enhanced quota warnings
- `frontend/src/components/MassSmsModal.tsx` - Enhanced quota warnings
- `frontend/src/pages/EventPage.tsx` - Added "Invite from Previous Events" button
- `frontend/src/services/api.ts` - Added previousAttendees API types and functions

**New Files:**
- `backend/src/routes/previousAttendees.ts` - API routes for previous attendees
- `backend/src/utils/previousAttendees.ts` - Utility functions
- `frontend/src/components/PreviousAttendeesModal.tsx` - UI component

### Issues Found and Fixed

#### 1. TypeScript Compilation Errors
**Issue:** Frontend test files were missing the new `approachingLimit` and `atLimit` properties added to `MassSmsQuota` interface.

**Fixed:**
- `frontend/src/components/MassSmsHistoryPanel.test.tsx:21` - Added missing properties
- `frontend/src/components/MassSmsModal.test.tsx:22,243,309` - Added missing properties

#### 2. Code Quality Review

**Security:** ✅ PASSED
- Proper authentication and authorization (requireAuth, requireEventOrganizer middleware)
- Contact information is properly masked (maskEmail, maskPhone)
- Input validation for recipient limits (max 50 per request)
- Event state validation (only PUBLISHED/ONGOING events)
- No SQL injection risks (using Prisma ORM)
- No XSS risks (React auto-escapes)

**Privacy:** ✅ PASSED
- Only includes users from COMPLETED events
- Only includes users who RSVP'd YES
- Email and phone numbers are masked in API responses
- Organizer is excluded from their own previous attendees list

**Type Safety:** ✅ PASSED
- All TypeScript interfaces properly defined
- Proper error handling with try/catch blocks
- Consistent use of types across frontend and backend

**Code Patterns:** ✅ PASSED
- Follows existing patterns for modals, API calls, and routes
- Consistent error handling
- Proper use of React hooks (useState, useEffect)
- Loading/error states properly implemented

### Tests Written

#### Backend Tests (`backend/src/__tests__/previousAttendees.test.ts`)
- 22 tests covering:
  - getPreviousAttendees utility function (8 tests)
  - filterPreviousAttendeesByEvent function (1 test)
  - Input validation (5 tests)
  - Event state validation (5 tests)
  - Privacy and security (3 tests)

**All tests passing:** ✅ 22/22

#### Frontend Tests (`frontend/src/components/PreviousAttendeesModal.test.tsx`)
- 22 tests covering:
  - Modal rendering and state management
  - Loading, error, and empty states
  - Attendee selection and filtering
  - Send invitations workflow
  - Results display
  - Event handlers

**All tests passing:** ✅ 22/22

### TypeScript Build Status

**Backend:** ✅ New code compiles successfully
- Remaining errors are pre-existing in `waitlist.test.ts` (not related to this feature)

**Frontend:** ✅ New code compiles successfully  
- Remaining errors are pre-existing in `EventWall.test.tsx`, `RSVPButtons.test.tsx`, and `EventPage.test.tsx` (not related to this feature)

### Feature Highlights

The "Previous Attendees" feature allows organizers to:
1. View a list of people from past events they've organized or attended
2. See contact information availability (Email/SMS badges)
3. Filter by shared event count and recency
4. Bulk select and invite attendees to new events
5. Avoid duplicate invitations (checks existing invites and RSVPs)
6. See detailed results after sending invitations

### Remaining Concerns

**None for the new code.** The implementation is solid and follows best practices.

**Pre-existing issues** (not blocking, not related to this feature):
- 3 TypeScript errors in `backend/src/__tests__/waitlist.test.ts` (type comparison issues)
- 3 TypeScript errors in frontend test files (EventWall, RSVPButtons, EventPage tests)

These pre-existing errors should be addressed separately but do not affect the new Previous Attendees functionality.

### Recommendations

The code is production-ready. No critical issues or blockers found.
